Started at Wed Feb 22 10:22:01 UTC 2023
Processing DOCKER_TEST
Offering DOCKER_TEST to Project Build Discarder
Finished at Wed Feb 22 10:22:01 UTC 2023. 8ms
Started at Wed Feb 22 13:53:11 UTC 2023
Processing DOCKER_TEST
Offering DOCKER_TEST to Project Build Discarder
Finished at Wed Feb 22 13:53:11 UTC 2023. 10ms
Started at Wed Feb 22 22:39:11 UTC 2023
Processing DOCKER_TEST
Offering DOCKER_TEST to Project Build Discarder
Finished at Wed Feb 22 22:39:11 UTC 2023. 17ms
Started at Wed Feb 22 23:39:11 UTC 2023
Processing DOCKER_TEST
Offering DOCKER_TEST to Project Build Discarder
Finished at Wed Feb 22 23:39:11 UTC 2023. 14ms
Started at Thu Feb 23 00:39:11 UTC 2023
Processing DOCKER_TEST
Offering DOCKER_TEST to Project Build Discarder
Finished at Thu Feb 23 00:39:11 UTC 2023. 8ms
